<?xml version="1.0" encoding="UTF-8"?>
<testng-results skipped="0" failed="0" total="2" passed="2">
  <reporter-output>
  </reporter-output>
  <suite name="Suite" duration-ms="51" started-at="2018-09-23T05:41:35Z" finished-at="2018-09-23T05:41:35Z">
    <groups>
    </groups>
    <test name="Test" duration-ms="51" started-at="2018-09-23T05:41:35Z" finished-at="2018-09-23T05:41:35Z">
      <class name="pkg1.Class2">
        <test-method status="PASS" signature="tc()[pri:0, instance:pkg1.Class2@6d4b1c02]" name="tc" duration-ms="4" started-at="2018-09-22T22:41:35Z" finished-at="2018-09-22T22:41:35Z">
          <reporter-output>
          </reporter-output>
        </test-method> <!-- tc -->
      </class> <!-- pkg1.Class2 -->
      <class name="pkg1.Class1">
        <test-method status="PASS" signature="tc()[pri:0, instance:pkg1.Class1@59f99ea]" name="tc" duration-ms="18" started-at="2018-09-22T22:41:35Z" finished-at="2018-09-22T22:41:35Z">
          <reporter-output>
          </reporter-output>
        </test-method> <!-- tc -->
      </class> <!-- pkg1.Class1 -->
    </test> <!-- Test -->
  </suite> <!-- Suite -->
</testng-results>
